-------------------------------------------------------------------------------
Test set: TestSuite
-------------------------------------------------------------------------------
Tests run: 2, Failures: 1, Errors: 0, Skipped: 0, Time elapsed: 21.845 s <<< FAILURE! - in TestSuite
ai.iamneo.testing.Testing_Selenium_TestNg.AppTest.testcase_2  Time elapsed: 11.569 s  <<< FAILURE!
org.openqa.selenium.WebDriverException: 
unknown error: session deleted because of page crash
from unknown error: cannot determine loading status
from tab crashed
  (Session info: chrome=114.0.5735.133)
Build info: version: '4.1.0', revision: '87802e897b'
System info: host: 'bcebddbcbfbeaeecbccfaabacdbefbaaebdcffff-0', ip: '10.80.3.85', os.name: 'Linux', os.arch: 'amd64', os.version: '5.15.107+', java.version: '11.0.18'
Driver info: org.openqa.selenium.remote.RemoteWebDriver
Command: [af805c1ed523ebe696b37ac51412cdc0, getElementAttribute {id=1A2B2B42612B243A2B70EBEA1D09BC12_element_197, name=href}]
Capabilities {acceptInsecureCerts: false, browserName: chrome, browserVersion: 114.0.5735.133, chrome: {chromedriverVersion: 114.0.5735.90 (386bc09e8f4f..., userDataDir: /tmp/.com.google.Chrome.4ayW9S}, goog:chromeOptions: {debuggerAddress: localhost:43865}, javascriptEnabled: true, networkConnectionEnabled: false, pageLoadStrategy: normal, platform: LINUX, platformName: LINUX, proxy: Proxy(), se:bidiEnabled: false, se:cdp: ws://10.80.3.85:4444/sessio..., se:cdpVersion: 114.0.5735.133, se:vnc: ws://10.80.3.85:4444/sessio..., se:vncEnabled: true, se:vncLocalAddress: ws://10.80.3.85:7900, setWindowRect: true, strictFileInteractability: false, timeouts: {implicit: 0, pageLoad: 300000, script: 30000}, unhandledPromptBehavior: dismiss and notify, webauthn:extension:credBlob: true, webauthn:extension:largeBlob: true, webauthn:extension:minPinLength: true, webauthn:extension:prf: true, webauthn:virtualAuthenticators: true}
Element: [[RemoteWebDriver: chrome on LINUX (af805c1ed523ebe696b37ac51412cdc0)] -> tag name: a]
Session ID: af805c1ed523ebe696b37ac51412cdc0
	at ai.iamneo.testing.Testing_Selenium_TestNg.AppTest.testcase_2(AppTest.java:37)

